<?xml version="1.0" encoding="UTF-8"?>
<testng-results total="1" passed="1" failed="0" skipped="0">
  <reporter-output>
  </reporter-output>
  <suite started-at="2021-01-17T07:40:18Z" name="Default suite" finished-at="2021-01-17T07:40:41Z" duration-ms="23088">
    <groups>
    </groups>
    <test started-at="2021-01-17T07:40:18Z" name="Default test" finished-at="2021-01-17T07:40:41Z" duration-ms="23088">
      <class name="com.spurqlabs.test.Calculator_test">
        <test-method is-config="true" signature="setUp(java.lang.String, java.lang.String)[pri:0, instance:com.spurqlabs.test.Calculator_test@27f981c6]" started-at="2021-01-17T13:10:18Z" name="setUp" finished-at="2021-01-17T13:10:21Z" duration-ms="3537" status="PASS">
          <params>
            <param index="0">
              <value>
                <![CDATA[Chrome]]>
              </value>
            </param>
            <param index="1">
              <value>
                <![CDATA[D:/selenium web driver/chromedriver.exe]]>
              </value>
            </param>
          </params>
          <reporter-output>
          </reporter-output>
        </test-method> <!-- setUp -->
        <test-method signature="allOprations()[pri:0, instance:com.spurqlabs.test.Calculator_test@27f981c6]" started-at="2021-01-17T13:10:21Z" name="allOprations" finished-at="2021-01-17T13:10:40Z" duration-ms="18882" status="PASS">
          <reporter-output>
          </reporter-output>
        </test-method> <!-- allOprations -->
        <test-method is-config="true" signature="setDown()[pri:0, instance:com.spurqlabs.test.Calculator_test@27f981c6]" started-at="2021-01-17T13:10:40Z" name="setDown" finished-at="2021-01-17T13:10:41Z" duration-ms="639" status="PASS">
          <reporter-output>
          </reporter-output>
        </test-method> <!-- setDown -->
      </class> <!-- com.spurqlabs.test.Calculator_test -->
    </test> <!-- Default test -->
  </suite> <!-- Default suite -->
</testng-results>
