<?xml version="1.0" encoding="UTF-8"?>
<!-- Generated by org.testng.reporters.JUnitXMLReporter -->
<testsuite hostname="vijay" failures="0" tests="4" name="Release 2021.5 Calculator Test" time="22.198" errors="0" timestamp="17 Jan 2021 07:19:33 GMT">
  <testcase classname="com.spurqlabs.test.Calculator_test" name="multiplication" time="6.086"/>
  <testcase classname="com.spurqlabs.test.Calculator_test" name="division" time="3.796"/>
  <testcase classname="com.spurqlabs.test.Calculator_test" name="addition" time="3.496"/>
  <testcase classname="com.spurqlabs.test.Calculator_test" name="subtraction" time="4.019"/>
</testsuite> <!-- Release 2021.5 Calculator Test -->
